<?xml version="1.0" encoding="UTF-8"?>
<!-- Generated by org.testng.reporters.JUnitReportReporter -->
<testsuite ignored="0" hostname="Apples-MBP.domain.name" failures="0" tests="1" name="com.restassured.Test1_BasicFeatures" time="3.567" errors="0" timestamp="19 Jul 2020 07:13:18 GMT" skipped="0">
  <testcase classname="com.restassured.Test1_BasicFeatures" name="compareWeatherReports" time="3.567"/>
</testsuite> <!-- com.restassured.Test1_BasicFeatures -->
