<?xml version="1.0" encoding="UTF-8"?>
<!-- Generated by org.testng.reporters.JUnitReportReporter -->
<testsuite name="com.restassured.Test9_SetRequestData2" tests="2" time="1.840" ignored="0" failures="0" timestamp="07 Nov 2018 09:49:26 GMT" skipped="0" hostname="DESKTOP-IGN1BA8" errors="0">
  <testcase name="setContentType" time="1.833" classname="com.restassured.Test9_SetRequestData2"/>
  <testcase name="testMultipleCookiesInRequest" time="0.007" classname="com.restassured.Test9_SetRequestData2"/>
</testsuite> <!-- com.restassured.Test9_SetRequestData2 -->
