<?xml version="1.0" encoding="UTF-8"?>
<!-- Generated by org.testng.reporters.JUnitReportReporter -->
<testsuite name="com.restassured.Test3_SchemaCheck" tests="1" time="1.621" ignored="0" failures="0" timestamp="23 Oct 2018 16:44:48 GMT" skipped="0" hostname="DESKTOP-IGN1BA8" errors="0">
  <testcase name="testContentType" time="1.621" classname="com.restassured.Test3_SchemaCheck"/>
</testsuite> <!-- com.restassured.Test3_SchemaCheck -->
