<?xml version="1.0" encoding="UTF-8"?>
<!-- Generated by org.testng.reporters.JUnitReportReporter -->
<testsuite name="com.restassured.Test6_GroovyFeatures" tests="1" time="1.885" ignored="0" failures="0" timestamp="23 Oct 2018 17:51:38 GMT" skipped="0" hostname="DESKTOP-IGN1BA8" errors="0">
  <testcase name="testConditionsOnList" time="1.885" classname="com.restassured.Test6_GroovyFeatures"/>
</testsuite> <!-- com.restassured.Test6_GroovyFeatures -->
