<?xml version="1.0" encoding="UTF-8"?>
<!-- Generated by org.testng.reporters.JUnitReportReporter -->
<testsuite name="GetRequest.Test1_BasicFeatures" tests="1" time="1.610" ignored="0" failures="0" timestamp="27 Aug 2018 17:26:15 GMT" skipped="0" hostname="DESKTOP-IGN1BA8" errors="0">
  <testcase name="testStatusCode" time="1.610" classname="GetRequest.Test1_BasicFeatures"/>
</testsuite> <!-- GetRequest.Test1_BasicFeatures -->
