<?xml version="1.0" encoding="UTF-8"?>
<!-- Generated by org.testng.reporters.JUnitReportReporter -->
<testsuite name="com.restassured.Test11_TimeMeasurement" tests="1" time="1.302" ignored="0" failures="0" timestamp="11 Nov 2018 15:54:13 GMT" skipped="0" hostname="DESKTOP-IGN1BA8" errors="0">
  <testcase name="testResponseTimeAssert" time="1.302" classname="com.restassured.Test11_TimeMeasurement"/>
</testsuite> <!-- com.restassured.Test11_TimeMeasurement -->
