<?xml version="1.0" encoding="UTF-8"?>
<!-- Generated by org.testng.reporters.JUnitReportReporter -->
<testsuite name="com.restassured.Test5_ReadResponseInDiffWays" tests="1" time="1.550" ignored="0" failures="0" timestamp="15 Sep 2018 17:44:22 GMT" skipped="0" hostname="DESKTOP-IGN1BA8" errors="0">
  <testcase name="testExtractDetailsUsingResponse" time="1.550" classname="com.restassured.Test5_ReadResponseInDiffWays"/>
</testsuite> <!-- com.restassured.Test5_ReadResponseInDiffWays -->
