<?xml version="1.0" encoding="UTF-8"?>
<!-- Generated by org.testng.reporters.JUnitReportReporter -->
<testsuite name="com.restassured.Test1_BasicFeatureOfXml" tests="1" time="1.597" ignored="0" failures="0" timestamp="15 Sep 2018 10:51:11 GMT" skipped="0" hostname="DESKTOP-IGN1BA8" errors="0">
  <testcase name="testUsingXpath2" time="1.597" classname="com.restassured.Test1_BasicFeatureOfXml"/>
</testsuite> <!-- com.restassured.Test1_BasicFeatureOfXml -->
