<?xml version="1.0" encoding="UTF-8"?>
<!-- Generated by org.testng.reporters.JUnitReportReporter -->
<testsuite name="com.restassured.Test4_PostRequest" tests="1" time="2.189" ignored="0" failures="0" timestamp="15 Sep 2018 16:15:31 GMT" skipped="0" hostname="DESKTOP-IGN1BA8" errors="0">
  <testcase name="testPostReq" time="2.189" classname="com.restassured.Test4_PostRequest"/>
</testsuite> <!-- com.restassured.Test4_PostRequest -->
