<?xml version="1.0" encoding="UTF-8"?>
<!-- Generated by org.testng.reporters.JUnitReportReporter -->
<testsuite name="com.restassured.Test7_JsonPath" tests="1" time="2.076" ignored="0" failures="0" timestamp="24 Oct 2018 17:02:56 GMT" skipped="0" hostname="DESKTOP-IGN1BA8" errors="0">
  <testcase name="testJsonPath2" time="2.076" classname="com.restassured.Test7_JsonPath"/>
</testsuite> <!-- com.restassured.Test7_JsonPath -->
