<?xml version="1.0" encoding="UTF-8"?>
<!-- Generated by org.testng.reporters.JUnitReportReporter -->
<testsuite name="com.restassured.Test2_SettingRoot" tests="1" time="1.924" ignored="0" failures="0" timestamp="15 Sep 2018 16:08:13 GMT" skipped="0" hostname="DESKTOP-IGN1BA8" errors="0">
  <testcase name="testDetachRoot" time="1.924" classname="com.restassured.Test2_SettingRoot"/>
</testsuite> <!-- com.restassured.Test2_SettingRoot -->
